{"level":"info","message":"Db connection is success","timestamp":"2025-04-20 15:43:12:4312"}
{"level":"info","message":"Server is up and running on port 8000","timestamp":"2025-04-20 15:43:12:4312"}
{"level":"info","message":"Db connection is success","timestamp":"2025-04-20 15:44:11:4411"}
{"level":"info","message":"Server is up and running on port 8000","timestamp":"2025-04-20 15:44:11:4411"}
{"level":"info","message":"Db connection is success","timestamp":"2025-04-20 15:44:55:4455"}
{"level":"info","message":"Server is up and running on port 8000","timestamp":"2025-04-20 15:44:55:4455"}
{"level":"info","message":"Db connection is success","timestamp":"2025-04-20 15:45:03:453"}
{"level":"info","message":"Server is up and running on port 8000","timestamp":"2025-04-20 15:45:03:453"}
{"level":"info","message":"Db connection is success","timestamp":"2025-04-20 15:45:11:4511"}
{"level":"info","message":"Server is up and running on port 8000","timestamp":"2025-04-20 15:45:11:4511"}
{"level":"info","message":"Db connection is success","timestamp":"2025-04-20 15:46:24:4624"}
{"level":"info","message":"Server is up and running on port 8000","timestamp":"2025-04-20 15:46:24:4624"}
{"level":"info","message":"Db connection is success","timestamp":"2025-04-20 15:46:59:4659"}
{"level":"info","message":"Server is up and running on port 8000","timestamp":"2025-04-20 15:46:59:4659"}
{"level":"info","message":"Db connection is success","timestamp":"2025-04-20 15:47:52:4752"}
{"level":"info","message":"Server is up and running on port 8000","timestamp":"2025-04-20 15:47:52:4752"}
{"level":"info","message":"Db connection is success","timestamp":"2025-04-20 15:48:00:480"}
{"level":"info","message":"Server is up and running on port 8000","timestamp":"2025-04-20 15:48:00:480"}
{"level":"info","message":"Db connection is success","timestamp":"2025-04-20 15:48:31:4831"}
{"level":"info","message":"Server is up and running on port 8000","timestamp":"2025-04-20 15:48:31:4831"}
{"level":"info","message":"Db connection is success","timestamp":"2025-04-20 15:48:38:4838"}
{"level":"info","message":"Server is up and running on port 8000","timestamp":"2025-04-20 15:48:38:4838"}
{"level":"info","message":"Db connection is success","timestamp":"2025-04-20 15:49:03:493"}
{"level":"info","message":"Server is up and running on port 8000","timestamp":"2025-04-20 15:49:03:493"}
{"level":"info","message":"Db connection is success","timestamp":"2025-04-20 15:52:16:5216"}
{"level":"info","message":"Server is up and running on port 8000","timestamp":"2025-04-20 15:52:16:5216"}
{"level":"info","message":"Db connection is success","timestamp":"2025-04-20 15:54:57:5457"}
{"level":"info","message":"Server is up and running on port 8000","timestamp":"2025-04-20 15:54:57:5457"}
{"level":"info","message":"Db connection is success","timestamp":"2025-04-20 15:55:30:5530"}
{"level":"info","message":"Server is up and running on port 8000","timestamp":"2025-04-20 15:55:30:5530"}
{"level":"info","message":"Db connection is success","timestamp":"2025-04-20 15:55:38:5538"}
{"level":"info","message":"Server is up and running on port 8000","timestamp":"2025-04-20 15:55:38:5538"}
{"level":"info","message":"Db connection is success","timestamp":"2025-04-20 15:56:16:5616"}
{"level":"info","message":"Server is up and running on port 8000","timestamp":"2025-04-20 15:56:16:5616"}
{"level":"info","message":"Db connection is success","timestamp":"2025-04-20 15:57:45:5745"}
{"level":"info","message":"Server is up and running on port 8000","timestamp":"2025-04-20 15:57:45:5745"}
{"level":"info","message":"Db connection is success","timestamp":"2025-04-20 15:57:53:5753"}
{"level":"info","message":"Server is up and running on port 8000","timestamp":"2025-04-20 15:57:53:5753"}
{"level":"info","message":"Db connection is success","timestamp":"2025-04-20 15:57:59:5759"}
{"level":"info","message":"Server is up and running on port 8000","timestamp":"2025-04-20 15:57:59:5759"}
{"level":"info","message":"Db connection is success","timestamp":"2025-04-20 15:58:15:5815"}
{"level":"info","message":"Server is up and running on port 8000","timestamp":"2025-04-20 15:58:15:5815"}
{"level":"info","message":"Db connection is success","timestamp":"2025-04-20 15:58:29:5829"}
{"level":"info","message":"Server is up and running on port 8000","timestamp":"2025-04-20 15:58:29:5829"}
{"level":"info","message":"Db connection is success","timestamp":"2025-04-20 15:58:44:5844"}
{"level":"info","message":"Server is up and running on port 8000","timestamp":"2025-04-20 15:58:44:5844"}
{"level":"info","message":"Db connection is success","timestamp":"2025-04-20 15:58:55:5855"}
{"level":"info","message":"Server is up and running on port 8000","timestamp":"2025-04-20 15:58:55:5855"}
{"level":"info","message":"Db connection is success","timestamp":"2025-04-20 16:04:33:433"}
{"level":"info","message":"Server is up and running on port 8000","timestamp":"2025-04-20 16:04:33:433"}
{"level":"info","message":"Db connection is success","timestamp":"2025-04-20 16:04:41:441"}
{"level":"info","message":"Server is up and running on port 8000","timestamp":"2025-04-20 16:04:41:441"}
{"level":"info","message":"Db connection is success","timestamp":"2025-04-20 16:04:53:453"}
{"level":"info","message":"Server is up and running on port 8000","timestamp":"2025-04-20 16:04:53:453"}
{"level":"info","message":"Db connection is success","timestamp":"2025-04-20 16:04:58:458"}
{"level":"info","message":"Server is up and running on port 8000","timestamp":"2025-04-20 16:04:58:458"}
{"level":"info","message":"Db connection is success","timestamp":"2025-04-20 16:05:52:552"}
{"level":"info","message":"Server is up and running on port 8000","timestamp":"2025-04-20 16:05:52:552"}
{"level":"info","message":"Db connection is success","timestamp":"2025-04-20 16:05:59:559"}
{"level":"info","message":"Server is up and running on port 8000","timestamp":"2025-04-20 16:05:59:559"}
{"level":"info","message":"Db connection is success","timestamp":"2025-04-20 16:06:09:69"}
{"level":"info","message":"Server is up and running on port 8000","timestamp":"2025-04-20 16:06:09:69"}
{"level":"info","message":"Db connection is success","timestamp":"2025-04-20 16:06:18:618"}
{"level":"info","message":"Server is up and running on port 8000","timestamp":"2025-04-20 16:06:18:618"}
{"level":"info","message":"Db connection is success","timestamp":"2025-04-20 16:06:27:627"}
{"level":"info","message":"Server is up and running on port 8000","timestamp":"2025-04-20 16:06:27:627"}
{"level":"info","message":"Db connection is success","timestamp":"2025-04-20 16:06:40:640"}
{"level":"info","message":"Server is up and running on port 8000","timestamp":"2025-04-20 16:06:40:640"}
{"level":"info","message":"Db connection is success","timestamp":"2025-04-20 16:07:33:733"}
{"level":"info","message":"Server is up and running on port 8000","timestamp":"2025-04-20 16:07:33:733"}
{"level":"info","message":"Db connection is success","timestamp":"2025-04-20 16:08:26:826"}
{"level":"info","message":"Server is up and running on port 8000","timestamp":"2025-04-20 16:08:26:826"}
{"level":"info","message":"Db connection is success","timestamp":"2025-04-20 16:09:12:912"}
{"level":"info","message":"Server is up and running on port 8000","timestamp":"2025-04-20 16:09:12:912"}
{"level":"info","message":"Db connection is success","timestamp":"2025-04-20 16:10:45:1045"}
{"level":"info","message":"Server is up and running on port 8000","timestamp":"2025-04-20 16:10:45:1045"}
{"level":"info","message":"Db connection is success","timestamp":"2025-04-20 16:11:08:118"}
{"level":"info","message":"Server is up and running on port 8000","timestamp":"2025-04-20 16:11:08:118"}
{"level":"info","message":"Db connection is success","timestamp":"2025-04-20 16:11:20:1120"}
{"level":"info","message":"Server is up and running on port 8000","timestamp":"2025-04-20 16:11:20:1120"}
{"level":"info","message":"Db connection is success","timestamp":"2025-04-20 16:11:40:1140"}
{"level":"info","message":"Server is up and running on port 8000","timestamp":"2025-04-20 16:11:40:1140"}
{"level":"info","message":"Db connection is success","timestamp":"2025-04-20 16:11:50:1150"}
{"level":"info","message":"Server is up and running on port 8000","timestamp":"2025-04-20 16:11:50:1150"}
{"level":"info","message":"Db connection is success","timestamp":"2025-04-20 16:18:39:1839"}
{"level":"info","message":"Server is up and running on port 8000","timestamp":"2025-04-20 16:18:39:1839"}
{"level":"info","message":"Db connection is success","timestamp":"2025-04-20 16:19:23:1923"}
{"level":"info","message":"Server is up and running on port 8000","timestamp":"2025-04-20 16:19:23:1923"}
{"level":"info","message":"Db connection is success","timestamp":"2025-04-20 16:19:37:1937"}
{"level":"info","message":"Server is up and running on port 8000","timestamp":"2025-04-20 16:19:37:1937"}
{"level":"info","message":"Db connection is success","timestamp":"2025-04-20 16:20:10:2010"}
{"level":"info","message":"Server is up and running on port 8000","timestamp":"2025-04-20 16:20:10:2010"}
{"level":"info","message":"Db connection is success","timestamp":"2025-04-20 16:20:21:2021"}
{"level":"info","message":"Server is up and running on port 8000","timestamp":"2025-04-20 16:20:21:2021"}
{"level":"info","message":"Db connection is success","timestamp":"2025-04-20 16:21:20:2120"}
{"level":"info","message":"Server is up and running on port 8000","timestamp":"2025-04-20 16:21:20:2120"}
{"level":"info","message":"Db connection is success","timestamp":"2025-04-20 16:22:03:223"}
{"level":"info","message":"Server is up and running on port 8000","timestamp":"2025-04-20 16:22:03:223"}
{"level":"info","message":"Db connection is success","timestamp":"2025-04-20 16:22:09:229"}
{"level":"info","message":"Server is up and running on port 8000","timestamp":"2025-04-20 16:22:09:229"}
{"level":"info","message":"Db connection is success","timestamp":"2025-04-20 16:22:55:2255"}
{"level":"info","message":"Server is up and running on port 8000","timestamp":"2025-04-20 16:22:55:2255"}
{"level":"info","message":"Db connection is success","timestamp":"2025-04-20 16:23:13:2313"}
{"level":"info","message":"Server is up and running on port 8000","timestamp":"2025-04-20 16:23:13:2313"}
{"level":"info","message":"Db connection is success","timestamp":"2025-04-20 16:23:23:2323"}
{"level":"info","message":"Server is up and running on port 8000","timestamp":"2025-04-20 16:23:23:2323"}
{"level":"info","message":"Db connection is success","timestamp":"2025-04-20 16:24:51:2451"}
{"level":"info","message":"Server is up and running on port 8000","timestamp":"2025-04-20 16:24:51:2451"}
{"level":"info","message":"Db connection is success","timestamp":"2025-04-20 16:25:18:2518"}
{"level":"info","message":"Server is up and running on port 8000","timestamp":"2025-04-20 16:25:18:2518"}
{"level":"info","message":"Db connection is success","timestamp":"2025-04-20 16:25:32:2532"}
{"level":"info","message":"Server is up and running on port 8000","timestamp":"2025-04-20 16:25:32:2532"}
{"level":"info","message":"Db connection is success","timestamp":"2025-04-20 16:26:07:267"}
{"level":"info","message":"Server is up and running on port 8000","timestamp":"2025-04-20 16:26:07:267"}
{"level":"info","message":"Db connection is success","timestamp":"2025-04-20 16:26:17:2617"}
{"level":"info","message":"Server is up and running on port 8000","timestamp":"2025-04-20 16:26:17:2617"}
{"level":"info","message":"Db connection is success","timestamp":"2025-04-20 16:26:22:2622"}
{"level":"info","message":"Server is up and running on port 8000","timestamp":"2025-04-20 16:26:22:2622"}
{"level":"info","message":"Db connection is success","timestamp":"2025-04-20 16:26:34:2634"}
{"level":"info","message":"Server is up and running on port 8000","timestamp":"2025-04-20 16:26:34:2634"}
{"level":"info","message":"Db connection is success","timestamp":"2025-04-20 16:26:46:2646"}
{"level":"info","message":"Server is up and running on port 8000","timestamp":"2025-04-20 16:26:46:2646"}
{"level":"info","message":"Db connection is success","timestamp":"2025-04-20 16:27:05:275"}
{"level":"info","message":"Server is up and running on port 8000","timestamp":"2025-04-20 16:27:05:275"}
{"level":"http","message":"\u001b[0mPOST /api/v1/store/create \u001b[33m404\u001b[0m 1.861 ms - 71\u001b[0m","timestamp":"2025-04-20 16:29:13:2913"}
{"level":"info","message":"Db connection is success","timestamp":"2025-04-20 16:29:55:2955"}
{"level":"info","message":"Server is up and running on port 8000","timestamp":"2025-04-20 16:29:55:2955"}
{"level":"http","message":"\u001b[0mPOST /api/v1/store/create \u001b[32m201\u001b[0m 59.419 ms - 53\u001b[0m","timestamp":"2025-04-20 16:29:57:2957"}
{"level":"info","message":"Db connection is success","timestamp":"2025-04-20 16:32:14:3214"}
{"level":"info","message":"Server is up and running on port 8000","timestamp":"2025-04-20 16:32:14:3214"}
{"level":"info","message":"Db connection is success","timestamp":"2025-04-20 16:32:48:3248"}
{"level":"info","message":"Server is up and running on port 8000","timestamp":"2025-04-20 16:32:48:3248"}
{"level":"info","message":"Db connection is success","timestamp":"2025-04-20 16:33:22:3322"}
{"level":"info","message":"Server is up and running on port 8000","timestamp":"2025-04-20 16:33:22:3322"}
{"level":"info","message":"Db connection is success","timestamp":"2025-04-20 16:34:15:3415"}
{"level":"info","message":"Server is up and running on port 8000","timestamp":"2025-04-20 16:34:15:3415"}
{"level":"info","message":"Db connection is success","timestamp":"2025-04-20 16:34:37:3437"}
{"level":"info","message":"Server is up and running on port 8000","timestamp":"2025-04-20 16:34:37:3437"}
{"level":"info","message":"Db connection is success","timestamp":"2025-04-20 16:34:46:3446"}
{"level":"info","message":"Server is up and running on port 8000","timestamp":"2025-04-20 16:34:46:3446"}
{"level":"info","message":"Db connection is success","timestamp":"2025-04-20 16:35:00:350"}
{"level":"info","message":"Server is up and running on port 8000","timestamp":"2025-04-20 16:35:00:350"}
{"level":"info","message":"Db connection is success","timestamp":"2025-04-20 16:35:38:3538"}
{"level":"info","message":"Server is up and running on port 8000","timestamp":"2025-04-20 16:35:38:3538"}
{"level":"info","message":"Db connection is success","timestamp":"2025-04-20 16:35:54:3554"}
{"level":"info","message":"Server is up and running on port 8000","timestamp":"2025-04-20 16:35:54:3554"}
{"level":"info","message":"Db connection is success","timestamp":"2025-04-20 16:36:37:3637"}
{"level":"info","message":"Server is up and running on port 8000","timestamp":"2025-04-20 16:36:37:3637"}
{"level":"info","message":"Db connection is success","timestamp":"2025-04-20 16:37:27:3727"}
{"level":"info","message":"Server is up and running on port 8000","timestamp":"2025-04-20 16:37:27:3727"}
{"level":"info","message":"Db connection is success","timestamp":"2025-04-20 16:38:03:383"}
{"level":"info","message":"Server is up and running on port 8000","timestamp":"2025-04-20 16:38:03:383"}
{"level":"info","message":"Db connection is success","timestamp":"2025-04-20 16:38:21:3821"}
{"level":"info","message":"Server is up and running on port 8000","timestamp":"2025-04-20 16:38:21:3821"}
{"level":"http","message":"\u001b[0mPOST /api/v1/product/create \u001b[32m201\u001b[0m 60.480 ms - 55\u001b[0m","timestamp":"2025-04-20 16:39:55:3955"}
{"level":"info","message":"Db connection is success","timestamp":"2025-04-20 16:42:46:4246"}
{"level":"info","message":"Server is up and running on port 8000","timestamp":"2025-04-20 16:42:46:4246"}
{"level":"info","message":"Db connection is success","timestamp":"2025-04-20 16:43:46:4346"}
{"level":"info","message":"Server is up and running on port 8000","timestamp":"2025-04-20 16:43:46:4346"}
{"level":"info","message":"Db connection is success","timestamp":"2025-04-20 16:43:54:4354"}
{"level":"info","message":"Server is up and running on port 8000","timestamp":"2025-04-20 16:43:54:4354"}
{"level":"info","message":"Db connection is success","timestamp":"2025-04-20 16:45:47:4547"}
{"level":"info","message":"Server is up and running on port 8000","timestamp":"2025-04-20 16:45:47:4547"}
{"level":"info","message":"Db connection is success","timestamp":"2025-04-20 16:45:58:4558"}
{"level":"info","message":"Server is up and running on port 8000","timestamp":"2025-04-20 16:45:58:4558"}
{"level":"info","message":"Db connection is success","timestamp":"2025-04-20 16:46:37:4637"}
{"level":"info","message":"Server is up and running on port 8000","timestamp":"2025-04-20 16:46:37:4637"}
{"level":"info","message":"Db connection is success","timestamp":"2025-04-20 16:46:56:4656"}
{"level":"info","message":"Server is up and running on port 8000","timestamp":"2025-04-20 16:46:56:4656"}
{"level":"info","message":"Db connection is success","timestamp":"2025-04-20 16:47:09:479"}
{"level":"info","message":"Server is up and running on port 8000","timestamp":"2025-04-20 16:47:09:479"}
{"level":"info","message":"Db connection is success","timestamp":"2025-04-20 16:47:26:4726"}
{"level":"info","message":"Server is up and running on port 8000","timestamp":"2025-04-20 16:47:26:4726"}
{"level":"info","message":"Db connection is success","timestamp":"2025-04-20 16:47:35:4735"}
{"level":"info","message":"Server is up and running on port 8000","timestamp":"2025-04-20 16:47:35:4735"}
{"level":"http","message":"\u001b[0mGET /api/v1/store/ \u001b[32m201\u001b[0m 66.407 ms - 3498\u001b[0m","timestamp":"2025-04-20 16:47:57:4757"}
{"level":"info","message":"Db connection is success","timestamp":"2025-04-20 17:04:05:45"}
{"level":"info","message":"Server is up and running on port 8000","timestamp":"2025-04-20 17:04:05:45"}
{"level":"info","message":"Db connection is success","timestamp":"2025-04-20 17:04:46:446"}
{"level":"info","message":"Server is up and running on port 8000","timestamp":"2025-04-20 17:04:46:446"}
{"level":"info","message":"Db connection is success","timestamp":"2025-04-20 17:05:59:559"}
{"level":"info","message":"Server is up and running on port 8000","timestamp":"2025-04-20 17:05:59:559"}
{"level":"info","message":"Db connection is success","timestamp":"2025-04-20 17:06:22:622"}
{"level":"info","message":"Server is up and running on port 8000","timestamp":"2025-04-20 17:06:22:622"}
{"level":"info","message":"Db connection is success","timestamp":"2025-04-20 17:07:04:74"}
{"level":"info","message":"Server is up and running on port 8000","timestamp":"2025-04-20 17:07:04:74"}
{"level":"info","message":"Db connection is success","timestamp":"2025-04-20 17:07:11:711"}
{"level":"info","message":"Server is up and running on port 8000","timestamp":"2025-04-20 17:07:11:711"}
{"level":"info","message":"Db connection is success","timestamp":"2025-04-20 17:07:55:755"}
{"level":"info","message":"Server is up and running on port 8000","timestamp":"2025-04-20 17:07:55:755"}
{"level":"info","message":"Db connection is success","timestamp":"2025-04-20 17:09:10:910"}
{"level":"info","message":"Server is up and running on port 8000","timestamp":"2025-04-20 17:09:10:910"}
{"level":"info","message":"Db connection is success","timestamp":"2025-04-20 17:09:35:935"}
{"level":"info","message":"Server is up and running on port 8000","timestamp":"2025-04-20 17:09:35:935"}
{"level":"error","message":"Error: Something went wrong while getting products\n    at Function.<anonymous> (/Users/vasa/Company Assignments/zakoop-assignment/backend/src/services/product-service.ts:82:13)\n    at Generator.next (<anonymous>)\n    at fulfilled (/Users/vasa/Company Assignments/zakoop-assignment/backend/src/services/product-service.ts:5:58)\n    at processTicksAndRejections (node:internal/process/task_queues:105:5)","timestamp":"2025-04-20 17:10:15:1015"}
{"level":"http","message":"\u001b[0mGET /api/v1/product/ \u001b[31m500\u001b[0m 74.687 ms - 73\u001b[0m","timestamp":"2025-04-20 17:10:15:1015"}
{"level":"error","message":"Error: Something went wrong while getting products\n    at Function.<anonymous> (/Users/vasa/Company Assignments/zakoop-assignment/backend/src/services/product-service.ts:82:13)\n    at Generator.next (<anonymous>)\n    at fulfilled (/Users/vasa/Company Assignments/zakoop-assignment/backend/src/services/product-service.ts:5:58)\n    at processTicksAndRejections (node:internal/process/task_queues:105:5)","timestamp":"2025-04-20 17:10:50:1050"}
{"level":"http","message":"\u001b[0mGET /api/v1/product/?storeName=Organic%20Hub&page=1 \u001b[31m500\u001b[0m 52.782 ms - 73\u001b[0m","timestamp":"2025-04-20 17:10:50:1050"}
{"level":"info","message":"Db connection is success","timestamp":"2025-04-20 17:11:18:1118"}
{"level":"info","message":"Server is up and running on port 8000","timestamp":"2025-04-20 17:11:18:1118"}
{"level":"error","message":"Error: Something went wrong while getting products\n    at Function.<anonymous> (/Users/vasa/Company Assignments/zakoop-assignment/backend/src/services/product-service.ts:83:13)\n    at Generator.next (<anonymous>)\n    at fulfilled (/Users/vasa/Company Assignments/zakoop-assignment/backend/src/services/product-service.ts:5:58)\n    at processTicksAndRejections (node:internal/process/task_queues:105:5)","timestamp":"2025-04-20 17:11:19:1119"}
{"level":"http","message":"\u001b[0mGET /api/v1/product/?storeName=Organic%20Hub&page=1 \u001b[31m500\u001b[0m 71.269 ms - 73\u001b[0m","timestamp":"2025-04-20 17:11:19:1119"}
{"level":"info","message":"Db connection is success","timestamp":"2025-04-20 17:12:41:1241"}
{"level":"info","message":"Server is up and running on port 8000","timestamp":"2025-04-20 17:12:41:1241"}
{"level":"error","message":"Error: Something went wrong while getting products\n    at Function.<anonymous> (/Users/vasa/Company Assignments/zakoop-assignment/backend/src/services/product-service.ts:84:13)\n    at Generator.next (<anonymous>)\n    at fulfilled (/Users/vasa/Company Assignments/zakoop-assignment/backend/src/services/product-service.ts:5:58)\n    at processTicksAndRejections (node:internal/process/task_queues:105:5)","timestamp":"2025-04-20 17:12:43:1243"}
{"level":"http","message":"\u001b[0mGET /api/v1/product/?storeName=Organic%20Hub&page=1 \u001b[31m500\u001b[0m 56.770 ms - 73\u001b[0m","timestamp":"2025-04-20 17:12:43:1243"}
{"level":"info","message":"Db connection is success","timestamp":"2025-04-20 17:13:50:1350"}
{"level":"info","message":"Server is up and running on port 8000","timestamp":"2025-04-20 17:13:50:1350"}
{"level":"http","message":"\u001b[0mGET /api/v1/product/?storeName=Organic%20Hub&page=1 \u001b[32m201\u001b[0m 129.049 ms - 2120\u001b[0m","timestamp":"2025-04-20 17:13:53:1353"}
{"level":"http","message":"\u001b[0mGET /api/v1/product/?storeName=Organic%20Hub&page=2 \u001b[32m201\u001b[0m 100.908 ms - 1223\u001b[0m","timestamp":"2025-04-20 17:14:19:1419"}
{"level":"error","message":"Error: Something went wrong while getting products\n    at Function.<anonymous> (/Users/vasa/Company Assignments/zakoop-assignment/backend/src/services/product-service.ts:84:13)\n    at Generator.next (<anonymous>)\n    at fulfilled (/Users/vasa/Company Assignments/zakoop-assignment/backend/src/services/product-service.ts:5:58)\n    at processTicksAndRejections (node:internal/process/task_queues:105:5)","timestamp":"2025-04-20 17:14:31:1431"}
{"level":"http","message":"\u001b[0mGET /api/v1/product/?storeName=Organic%20Hub&page=3 \u001b[31m500\u001b[0m 115.289 ms - 73\u001b[0m","timestamp":"2025-04-20 17:14:31:1431"}
{"level":"info","message":"Db connection is success","timestamp":"2025-04-20 17:16:19:1619"}
{"level":"info","message":"Server is up and running on port 8000","timestamp":"2025-04-20 17:16:19:1619"}
{"level":"info","message":"Db connection is success","timestamp":"2025-04-20 17:17:35:1735"}
{"level":"info","message":"Server is up and running on port 8000","timestamp":"2025-04-20 17:17:35:1735"}
{"level":"error","message":"Error: No Products found\n    at Function.<anonymous> (/Users/vasa/Company Assignments/zakoop-assignment/backend/src/services/product-service.ts:70:15)\n    at Generator.next (<anonymous>)\n    at fulfilled (/Users/vasa/Company Assignments/zakoop-assignment/backend/src/services/product-service.ts:5:58)\n    at processTicksAndRejections (node:internal/process/task_queues:105:5)","timestamp":"2025-04-20 17:17:38:1738"}
{"level":"http","message":"\u001b[0mGET /api/v1/product/?storeName=Organic%20Hub&page=3 \u001b[33m404\u001b[0m 156.906 ms - 47\u001b[0m","timestamp":"2025-04-20 17:17:38:1738"}
{"level":"info","message":"Db connection is success","timestamp":"2025-04-20 17:18:06:186"}
{"level":"info","message":"Server is up and running on port 8000","timestamp":"2025-04-20 17:18:06:186"}
{"level":"info","message":"Db connection is success","timestamp":"2025-04-20 17:18:22:1822"}
{"level":"info","message":"Server is up and running on port 8000","timestamp":"2025-04-20 17:18:22:1822"}
{"level":"info","message":"Db connection is success","timestamp":"2025-04-20 17:18:41:1841"}
{"level":"info","message":"Server is up and running on port 8000","timestamp":"2025-04-20 17:18:41:1841"}
{"level":"http","message":"\u001b[0mGET /api/v1/product/?storeName=Organic%20Hub&page=2 \u001b[32m201\u001b[0m 128.505 ms - 1223\u001b[0m","timestamp":"2025-04-20 17:18:43:1843"}
